[debug] [2022-01-10T11:02:29.743Z] ----------------------------------------------------------------------
[debug] [2022-01-10T11:02:29.744Z] Command:       /home/shyam/.nvm/versions/node/v14.15.0/bin/node /home/shyam/.nvm/versions/node/v14.15.0/bin/firebase init
[debug] [2022-01-10T11:02:29.745Z] CLI Version:   10.0.1
[debug] [2022-01-10T11:02:29.745Z] Platform:      linux
[debug] [2022-01-10T11:02:29.745Z] Node Version:  v14.15.0
[debug] [2022-01-10T11:02:29.745Z] Time:          Mon Jan 10 2022 16:47:29 GMT+0545 (Nepal Time)
[debug] [2022-01-10T11:02:29.745Z] ----------------------------------------------------------------------
[debug] 
[debug] [2022-01-10T11:02:29.754Z] > command requires scopes: ["email","openid","https://www.googleapis.com/auth/cloudplatformprojects.readonly","https://www.googleapis.com/auth/firebase","https://www.googleapis.com/auth/cloud-platform"]
[debug] [2022-01-10T11:02:29.755Z] > authorizing via signed-in user (shyam@paracosma.com)
[info] 
     ######## #### ########  ######## ########     ###     ######  ########
     ##        ##  ##     ## ##       ##     ##  ##   ##  ##       ##
     ######    ##  ########  ######   ########  #########  ######  ######
     ##        ##  ##    ##  ##       ##     ## ##     ##       ## ##
     ##       #### ##     ## ######## ########  ##     ##  ######  ########

You're about to initialize a Firebase project in this directory:

  /home/shyam/Desktop/firebase/hello

[info] 
=== Project Setup
[info] 
[info] First, let's associate this project directory with a Firebase project.
[info] You can create multiple project aliases by running firebase use --add, 
[info] but for now we'll just set up a default project.
[info] 
[info] i  If you want to create a project in a Google Cloud organization or folder, please use "firebase projects:create" instead, and return to this command when you've created the project. 
[debug] [2022-01-10T11:05:14.339Z] > refreshing access token with scopes: ["email","https://www.googleapis.com/auth/cloud-platform","https://www.googleapis.com/auth/cloudplatformprojects.readonly","https://www.googleapis.com/auth/firebase","openid"]
[debug] [2022-01-10T11:05:14.340Z] >>> HTTP REQUEST POST https://www.googleapis.com/oauth2/v3/token  
 <request body omitted>
[debug] [2022-01-10T11:05:20.056Z] <<< HTTP RESPONSE 200 {"date":"Mon, 10 Jan 2022 11:05:20 GMT","pragma":"no-cache","cache-control":"no-cache, no-store, max-age=0, must-revalidate","expires":"Mon, 01 Jan 1990 00:00:00 GMT","content-type":"application/json; charset=utf-8","vary":"X-Origin, Referer, Origin,Accept-Encoding","server":"scaffolding on HTTPServer2","x-xss-protection":"0","x-frame-options":"SAMEORIGIN","x-content-type-options":"nosniff","alt-svc":"h3=\":443\"; ma=2592000,h3-29=\":443\"; ma=2592000,h3-Q050=\":443\"; ma=2592000,h3-Q046=\":443\"; ma=2592000,h3-Q043=\":443\"; ma=2592000,quic=\":443\"; ma=2592000; v=\"46,43\"","accept-ranges":"none","transfer-encoding":"chunked"}
[debug] [2022-01-10T11:05:20.074Z] >>> HTTP REQUEST POST https://cloudresourcemanager.googleapis.com/v1/projects  
 {"projectId":"helloproject-e87a7","name":"helloproject-e87a7"}
[debug] [2022-01-10T11:05:31.173Z] FirebaseError: Server Error. connect ECONNREFUSED 192.168.1.1:443
    at Request._callback (/home/shyam/.nvm/versions/node/v14.15.0/lib/node_modules/firebase-tools/lib/api.js:32:31)
    at self.callback (/home/shyam/.nvm/versions/node/v14.15.0/lib/node_modules/firebase-tools/node_modules/request/request.js:185:22)
    at Request.emit (events.js:315:20)
    at Request.EventEmitter.emit (domain.js:486:12)
    at Request.onRequestError (/home/shyam/.nvm/versions/node/v14.15.0/lib/node_modules/firebase-tools/node_modules/request/request.js:877:8)
    at ClientRequest.emit (events.js:327:22)
    at ClientRequest.EventEmitter.emit (domain.js:486:12)
    at TLSSocket.socketErrorListener (_http_client.js:469:9)
    at TLSSocket.emit (events.js:315:20)
    at TLSSocket.EventEmitter.emit (domain.js:486:12)
    at emitErrorNT (internal/streams/destroy.js:106:8)
    at emitErrorCloseNT (internal/streams/destroy.js:74:3)
    at processTicksAndRejections (internal/process/task_queues.js:80:21)
[error] 
[error] Error: Failed to create project. See firebase-debug.log for more info.
[debug] [2022-01-10T11:06:51.092Z] ----------------------------------------------------------------------
[debug] [2022-01-10T11:06:51.094Z] Command:       /home/shyam/.nvm/versions/node/v14.15.0/bin/node /home/shyam/.nvm/versions/node/v14.15.0/bin/firebase init hosting
[debug] [2022-01-10T11:06:51.094Z] CLI Version:   10.0.1
[debug] [2022-01-10T11:06:51.094Z] Platform:      linux
[debug] [2022-01-10T11:06:51.094Z] Node Version:  v14.15.0
[debug] [2022-01-10T11:06:51.094Z] Time:          Mon Jan 10 2022 16:51:51 GMT+0545 (Nepal Time)
[debug] [2022-01-10T11:06:51.094Z] ----------------------------------------------------------------------
[debug] 
[debug] [2022-01-10T11:06:51.104Z] > command requires scopes: ["email","openid","https://www.googleapis.com/auth/cloudplatformprojects.readonly","https://www.googleapis.com/auth/firebase","https://www.googleapis.com/auth/cloud-platform"]
[debug] [2022-01-10T11:06:51.104Z] > authorizing via signed-in user (shyam@paracosma.com)
[info] 
     ######## #### ########  ######## ########     ###     ######  ########
     ##        ##  ##     ## ##       ##     ##  ##   ##  ##       ##
     ######    ##  ########  ######   ########  #########  ######  ######
     ##        ##  ##    ##  ##       ##     ## ##     ##       ## ##
     ##       #### ##     ## ######## ########  ##     ##  ######  ########

You're about to initialize a Firebase project in this directory:

  /home/shyam/Desktop/firebase/hello

[info] 
=== Project Setup
[info] 
[info] First, let's associate this project directory with a Firebase project.
[info] You can create multiple project aliases by running firebase use --add, 
[info] but for now we'll just set up a default project.
[info] 
[info] i  If you want to create a project in a Google Cloud organization or folder, please use "firebase projects:create" instead, and return to this command when you've created the project. 
[debug] [2022-01-10T11:07:04.468Z] >>> HTTP REQUEST POST https://cloudresourcemanager.googleapis.com/v1/projects  
 {"projectId":"helloproject-e87a7","name":"helloproject-e87a7"}
[debug] [2022-01-10T11:07:06.296Z] <<< HTTP RESPONSE 409 {"vary":"X-Origin, Referer, Origin,Accept-Encoding","content-type":"application/json; charset=UTF-8","date":"Mon, 10 Jan 2022 11:07:06 GMT","server":"ESF","cache-control":"private","x-xss-protection":"0","x-frame-options":"SAMEORIGIN","x-content-type-options":"nosniff","server-timing":"gfet4t7; dur=1423","alt-svc":"h3=\":443\"; ma=2592000,h3-29=\":443\"; ma=2592000,h3-Q050=\":443\"; ma=2592000,h3-Q046=\":443\"; ma=2592000,h3-Q043=\":443\"; ma=2592000,quic=\":443\"; ma=2592000; v=\"46,43\"","accept-ranges":"none","transfer-encoding":"chunked"}
[debug] [2022-01-10T11:07:06.297Z] <<< HTTP RESPONSE BODY {"error":{"code":409,"message":"Requested entity already exists","status":"ALREADY_EXISTS"}}
[debug] [2022-01-10T11:07:06.652Z] FirebaseError: HTTP Error: 409, Requested entity already exists
    at module.exports (/home/shyam/.nvm/versions/node/v14.15.0/lib/node_modules/firebase-tools/lib/responseToError.js:38:12)
    at Request._callback (/home/shyam/.nvm/versions/node/v14.15.0/lib/node_modules/firebase-tools/lib/api.js:41:35)
    at Request.self.callback (/home/shyam/.nvm/versions/node/v14.15.0/lib/node_modules/firebase-tools/node_modules/request/request.js:185:22)
    at Request.emit (events.js:315:20)
    at Request.EventEmitter.emit (domain.js:486:12)
    at Request.<anonymous> (/home/shyam/.nvm/versions/node/v14.15.0/lib/node_modules/firebase-tools/node_modules/request/request.js:1154:10)
    at Request.emit (events.js:315:20)
    at Request.EventEmitter.emit (domain.js:486:12)
    at IncomingMessage.<anonymous> (/home/shyam/.nvm/versions/node/v14.15.0/lib/node_modules/firebase-tools/node_modules/request/request.js:1076:12)
    at Object.onceWrapper (events.js:421:28)
    at IncomingMessage.emit (events.js:327:22)
    at IncomingMessage.EventEmitter.emit (domain.js:486:12)
    at endReadableNT (_stream_readable.js:1327:12)
    at processTicksAndRejections (internal/process/task_queues.js:80:21)
[error] 
[error] Error: Failed to create project because there is already a project with ID helloproject-e87a7. Please try again with a unique project ID.
[debug] [2022-01-10T11:07:23.090Z] ----------------------------------------------------------------------
[debug] [2022-01-10T11:07:23.092Z] Command:       /home/shyam/.nvm/versions/node/v14.15.0/bin/node /home/shyam/.nvm/versions/node/v14.15.0/bin/firebase init hosting
[debug] [2022-01-10T11:07:23.092Z] CLI Version:   10.0.1
[debug] [2022-01-10T11:07:23.092Z] Platform:      linux
[debug] [2022-01-10T11:07:23.093Z] Node Version:  v14.15.0
[debug] [2022-01-10T11:07:23.093Z] Time:          Mon Jan 10 2022 16:52:23 GMT+0545 (Nepal Time)
[debug] [2022-01-10T11:07:23.093Z] ----------------------------------------------------------------------
[debug] 
[debug] [2022-01-10T11:07:23.102Z] > command requires scopes: ["email","openid","https://www.googleapis.com/auth/cloudplatformprojects.readonly","https://www.googleapis.com/auth/firebase","https://www.googleapis.com/auth/cloud-platform"]
[debug] [2022-01-10T11:07:23.103Z] > authorizing via signed-in user (shyam@paracosma.com)
[info] 
     ######## #### ########  ######## ########     ###     ######  ########
     ##        ##  ##     ## ##       ##     ##  ##   ##  ##       ##
     ######    ##  ########  ######   ########  #########  ######  ######
     ##        ##  ##    ##  ##       ##     ## ##     ##       ## ##
     ##       #### ##     ## ######## ########  ##     ##  ######  ########

You're about to initialize a Firebase project in this directory:

  /home/shyam/Desktop/firebase/hello

[info] 
=== Project Setup
[info] 
[info] First, let's associate this project directory with a Firebase project.
[info] You can create multiple project aliases by running firebase use --add, 
[info] but for now we'll just set up a default project.
[info] 
[debug] [2022-01-10T11:07:25.591Z] > refreshing access token with scopes: []
[debug] [2022-01-10T11:07:25.593Z] >>> HTTP REQUEST POST https://www.googleapis.com/oauth2/v3/token  
 <request body omitted>
[debug] [2022-01-10T11:07:25.977Z] <<< HTTP RESPONSE 200 {"pragma":"no-cache","date":"Mon, 10 Jan 2022 11:07:26 GMT","expires":"Mon, 01 Jan 1990 00:00:00 GMT","cache-control":"no-cache, no-store, max-age=0, must-revalidate","content-type":"application/json; charset=utf-8","vary":"X-Origin, Referer, Origin,Accept-Encoding","server":"scaffolding on HTTPServer2","x-xss-protection":"0","x-frame-options":"SAMEORIGIN","x-content-type-options":"nosniff","alt-svc":"h3=\":443\"; ma=2592000,h3-29=\":443\"; ma=2592000,h3-Q050=\":443\"; ma=2592000,h3-Q046=\":443\"; ma=2592000,h3-Q043=\":443\"; ma=2592000,quic=\":443\"; ma=2592000; v=\"46,43\"","accept-ranges":"none","transfer-encoding":"chunked"}
[debug] [2022-01-10T11:07:25.993Z] >>> [apiv2][query] GET https://firebase.googleapis.com/v1beta1/availableProjects pageSize=100
[debug] [2022-01-10T11:07:27.385Z] <<< [apiv2][status] GET https://firebase.googleapis.com/v1beta1/availableProjects 200
[debug] [2022-01-10T11:07:27.386Z] <<< [apiv2][body] GET https://firebase.googleapis.com/v1beta1/availableProjects [omitted]
[debug] [2022-01-10T11:08:31.209Z] > refreshing access token with scopes: ["email","https://www.googleapis.com/auth/cloud-platform","https://www.googleapis.com/auth/cloudplatformprojects.readonly","https://www.googleapis.com/auth/firebase","openid"]
[debug] [2022-01-10T11:08:31.210Z] >>> HTTP REQUEST POST https://www.googleapis.com/oauth2/v3/token  
 <request body omitted>
[debug] [2022-01-10T11:08:31.509Z] <<< HTTP RESPONSE 200 {"pragma":"no-cache","date":"Mon, 10 Jan 2022 11:08:31 GMT","cache-control":"no-cache, no-store, max-age=0, must-revalidate","expires":"Mon, 01 Jan 1990 00:00:00 GMT","content-type":"application/json; charset=utf-8","vary":"X-Origin, Referer, Origin,Accept-Encoding","server":"scaffolding on HTTPServer2","x-xss-protection":"0","x-frame-options":"SAMEORIGIN","x-content-type-options":"nosniff","alt-svc":"h3=\":443\"; ma=2592000,h3-29=\":443\"; ma=2592000,h3-Q050=\":443\"; ma=2592000,h3-Q046=\":443\"; ma=2592000,h3-Q043=\":443\"; ma=2592000,quic=\":443\"; ma=2592000; v=\"46,43\"","accept-ranges":"none","transfer-encoding":"chunked"}
[debug] [2022-01-10T11:08:31.521Z] >>> HTTP REQUEST POST https://firebase.googleapis.com/v1beta1/projects/vr-2020:addFirebase  
 
[debug] [2022-01-10T11:08:33.918Z] <<< HTTP RESPONSE 200 {"content-type":"application/json; charset=UTF-8","vary":"X-Origin, Referer, Origin,Accept-Encoding","date":"Mon, 10 Jan 2022 11:08:33 GMT","server":"ESF","cache-control":"private","x-xss-protection":"0","x-frame-options":"SAMEORIGIN","x-content-type-options":"nosniff","alt-svc":"h3=\":443\"; ma=2592000,h3-29=\":443\"; ma=2592000,h3-Q050=\":443\"; ma=2592000,h3-Q046=\":443\"; ma=2592000,h3-Q043=\":443\"; ma=2592000,quic=\":443\"; ma=2592000; v=\"46,43\"","accept-ranges":"none","transfer-encoding":"chunked"}
[debug] [2022-01-10T11:08:33.920Z] > refreshing access token with scopes: []
[debug] [2022-01-10T11:08:33.921Z] >>> HTTP REQUEST POST https://www.googleapis.com/oauth2/v3/token  
 <request body omitted>
[debug] [2022-01-10T11:08:34.213Z] <<< HTTP RESPONSE 200 {"cache-control":"no-cache, no-store, max-age=0, must-revalidate","pragma":"no-cache","expires":"Mon, 01 Jan 1990 00:00:00 GMT","date":"Mon, 10 Jan 2022 11:08:34 GMT","content-type":"application/json; charset=utf-8","vary":"X-Origin, Referer, Origin,Accept-Encoding","server":"scaffolding on HTTPServer2","x-xss-protection":"0","x-frame-options":"SAMEORIGIN","x-content-type-options":"nosniff","alt-svc":"h3=\":443\"; ma=2592000,h3-29=\":443\"; ma=2592000,h3-Q050=\":443\"; ma=2592000,h3-Q046=\":443\"; ma=2592000,h3-Q043=\":443\"; ma=2592000,quic=\":443\"; ma=2592000; v=\"46,43\"","accept-ranges":"none","transfer-encoding":"chunked"}
[debug] [2022-01-10T11:08:34.233Z] >>> [apiv2][query] GET https://firebase.googleapis.com/v1beta1/operations/workflows/NDNiZjI5ODMtOWUwMy00ZGY0LTk5MmUtYTIyODAxMGIwNzA0 [none]
[debug] [2022-01-10T11:08:35.331Z] <<< [apiv2][status] GET https://firebase.googleapis.com/v1beta1/operations/workflows/NDNiZjI5ODMtOWUwMy00ZGY0LTk5MmUtYTIyODAxMGIwNzA0 200
[debug] [2022-01-10T11:08:35.332Z] <<< [apiv2][body] GET https://firebase.googleapis.com/v1beta1/operations/workflows/NDNiZjI5ODMtOWUwMy00ZGY0LTk5MmUtYTIyODAxMGIwNzA0 {"name":"operations/workflows/NDNiZjI5ODMtOWUwMy00ZGY0LTk5MmUtYTIyODAxMGIwNzA0"}
[debug] [2022-01-10T11:08:35.835Z] [Add Firebase Poller] Retrying task index 0
[debug] [2022-01-10T11:08:35.837Z] >>> [apiv2][query] GET https://firebase.googleapis.com/v1beta1/operations/workflows/NDNiZjI5ODMtOWUwMy00ZGY0LTk5MmUtYTIyODAxMGIwNzA0 [none]
[debug] [2022-01-10T11:08:36.998Z] <<< [apiv2][status] GET https://firebase.googleapis.com/v1beta1/operations/workflows/NDNiZjI5ODMtOWUwMy00ZGY0LTk5MmUtYTIyODAxMGIwNzA0 200
[debug] [2022-01-10T11:08:36.999Z] <<< [apiv2][body] GET https://firebase.googleapis.com/v1beta1/operations/workflows/NDNiZjI5ODMtOWUwMy00ZGY0LTk5MmUtYTIyODAxMGIwNzA0 {"name":"operations/workflows/NDNiZjI5ODMtOWUwMy00ZGY0LTk5MmUtYTIyODAxMGIwNzA0"}
[debug] [2022-01-10T11:08:37.999Z] [Add Firebase Poller] Retrying task index 0
[debug] [2022-01-10T11:08:38.002Z] >>> [apiv2][query] GET https://firebase.googleapis.com/v1beta1/operations/workflows/NDNiZjI5ODMtOWUwMy00ZGY0LTk5MmUtYTIyODAxMGIwNzA0 [none]
[debug] [2022-01-10T11:08:38.897Z] <<< [apiv2][status] GET https://firebase.googleapis.com/v1beta1/operations/workflows/NDNiZjI5ODMtOWUwMy00ZGY0LTk5MmUtYTIyODAxMGIwNzA0 200
[debug] [2022-01-10T11:08:38.898Z] <<< [apiv2][body] GET https://firebase.googleapis.com/v1beta1/operations/workflows/NDNiZjI5ODMtOWUwMy00ZGY0LTk5MmUtYTIyODAxMGIwNzA0 {"name":"operations/workflows/NDNiZjI5ODMtOWUwMy00ZGY0LTk5MmUtYTIyODAxMGIwNzA0"}
[debug] [2022-01-10T11:08:40.899Z] [Add Firebase Poller] Retrying task index 0
[debug] [2022-01-10T11:08:40.901Z] >>> [apiv2][query] GET https://firebase.googleapis.com/v1beta1/operations/workflows/NDNiZjI5ODMtOWUwMy00ZGY0LTk5MmUtYTIyODAxMGIwNzA0 [none]
[debug] [2022-01-10T11:08:41.918Z] <<< [apiv2][status] GET https://firebase.googleapis.com/v1beta1/operations/workflows/NDNiZjI5ODMtOWUwMy00ZGY0LTk5MmUtYTIyODAxMGIwNzA0 200
[debug] [2022-01-10T11:08:41.921Z] <<< [apiv2][body] GET https://firebase.googleapis.com/v1beta1/operations/workflows/NDNiZjI5ODMtOWUwMy00ZGY0LTk5MmUtYTIyODAxMGIwNzA0 {"name":"operations/workflows/NDNiZjI5ODMtOWUwMy00ZGY0LTk5MmUtYTIyODAxMGIwNzA0","done":true,"response":{"@type":"type.googleapis.com/google.firebase.service.v1beta1.FirebaseProject","projectId":"vr-2020","projectNumber":"164899531506","displayName":"vr-2020","name":"projects/vr-2020","resources":{"hostingSite":"vr-2020"}}}
[info] 
[info] 🎉🎉🎉 Your Firebase project is ready! 🎉🎉🎉
[info] 
[info] Project information:
[info]    - Project ID: vr-2020
[info]    - Project Name: vr-2020
[info] 
[info] Firebase console is available at
[info] https://console.firebase.google.com/project/vr-2020/overview
[info] i  Using project vr-2020 (vr-2020) 
[info] 
=== Hosting Setup
[info] 
[info] Your public directory is the folder (relative to your project directory) that
[info] will contain Hosting assets to be uploaded with firebase deploy. If you
[info] have a build process for your assets, use your build's output directory.
[info] 
[debug] [2022-01-10T11:10:18.906Z] >>> [apiv2][query] GET https://www.gstatic.com/firebasejs/releases.json [none]
[debug] [2022-01-10T11:10:19.154Z] <<< [apiv2][status] GET https://www.gstatic.com/firebasejs/releases.json 200
[debug] [2022-01-10T11:10:19.155Z] <<< [apiv2][body] GET https://www.gstatic.com/firebasejs/releases.json {"current":{"version":"9.6.2","browserURL":"https://www.gstatic.com/firebasejs/9.6.2/firebase.js","packageURL":"https://www.gstatic.com/firebasejs/9.6.2/firebase.tgz"},"live":{"version":"9.6","browserURL":"https://www.gstatic.com/firebasejs/live/9.6/firebase.js","packageURL":"https://www.gstatic.com/firebasejs/live/9.6/firebase.tgz"},"components":{"analytics":"https://www.gstatic.com/firebasejs/9.6.2/firebase-analytics.js","app":"https://www.gstatic.com/firebasejs/9.6.2/firebase-app.js","app-check":"https://www.gstatic.com/firebasejs/9.6.2/firebase-app-check.js","auth":"https://www.gstatic.com/firebasejs/9.6.2/firebase-auth.js","auth/cordova":"https://www.gstatic.com/firebasejs/9.6.2/firebase-auth/cordova.js","auth/react-native":"https://www.gstatic.com/firebasejs/9.6.2/firebase-auth/react-native.js","functions":"https://www.gstatic.com/firebasejs/9.6.2/firebase-functions.js","firestore":"https://www.gstatic.com/firebasejs/9.6.2/firebase-firestore.js","firestore/lite":"https://www.gstatic.com/firebasejs/9.6.2/firebase-firestore/lite.js","storage":"https://www.gstatic.com/firebasejs/9.6.2/firebase-storage.js","performance":"https://www.gstatic.com/firebasejs/9.6.2/firebase-performance.js","remote-config":"https://www.gstatic.com/firebasejs/9.6.2/firebase-remote-config.js","messaging":"https://www.gstatic.com/firebasejs/9.6.2/firebase-messaging.js","messaging/sw":"https://www.gstatic.com/firebasejs/9.6.2/firebase-messaging/sw.js","database":"https://www.gstatic.com/firebasejs/9.6.2/firebase-database.js","firestore.memory":"https://www.gstatic.com/firebasejs/9.6.2/firebase-firestore.memory.js"}}
[info] ✔  Wrote public/index.html 
[info] 
[info] i  Didn't detect a .git folder. Assuming /home/shyam/Desktop/firebase/hello is the project root. 
[info] i  Authorizing with GitHub to upload your service account to a GitHub repository's secrets store. 
[info] 
[info] Visit this URL on this device to log in:
[info] https://github.com/login/oauth/authorize?client_id=89cf50f02ac6aaed3484&state=1019390362&redirect_uri=http%3A%2F%2Flocalhost%3A9005&scope=read%3Auser%20repo%20public_repo
[info] 
[info] Waiting for authentication...
[debug] [2022-01-10T11:12:05.894Z] >>> HTTP REQUEST POST https://github.com/login/oauth/access_token  
 {"client_id":"89cf50f02ac6aaed3484","client_secret":"3330d14abc895d9a74d5f17cd7a00711fa2c5bf0","code":"43196856d50d8e8baa7a","redirect_uri":"http://localhost:9005","state":"1019390362"}
[debug] [2022-01-10T11:12:07.318Z] <<< HTTP RESPONSE 200 {"server":"GitHub.com","date":"Mon, 10 Jan 2022 11:12:07 GMT","content-type":"application/json; charset=utf-8","transfer-encoding":"chunked","vary":"X-PJAX, X-PJAX-Container, Accept-Encoding, Accept, X-Requested-With","permissions-policy":"interest-cohort=()","etag":"W/\"d85107088a9adfe8fe5ce7df36f2e8e5\"","cache-control":"max-age=0, private, must-revalidate","strict-transport-security":"max-age=31536000; includeSubdomains; preload","x-frame-options":"deny","x-content-type-options":"nosniff","x-xss-protection":"0","referrer-policy":"origin-when-cross-origin, strict-origin-when-cross-origin","expect-ct":"max-age=2592000, report-uri=\"https://api.github.com/_private/browser/errors\"","content-security-policy":"default-src 'none'; base-uri 'self'; block-all-mixed-content; child-src github.com/assets-cdn/worker/ gist.github.com/assets-cdn/worker/; connect-src 'self' uploads.github.com objects-origin.githubusercontent.com www.githubstatus.com collector.githubapp.com api.github.com github-cloud.s3.amazonaws.com github-production-repository-file-5c1aeb.s3.amazonaws.com github-production-upload-manifest-file-7fdce7.s3.amazonaws.com github-production-user-asset-6210df.s3.amazonaws.com cdn.optimizely.com logx.optimizely.com/v1/events translator.github.com wss://alive.github.com; font-src github.githubassets.com; form-action 'self' github.com gist.github.com objects-origin.githubusercontent.com; frame-ancestors 'none'; frame-src render.githubusercontent.com viewscreen.githubusercontent.com notebooks.githubusercontent.com; img-src 'self' data: github.githubassets.com identicons.github.com collector.githubapp.com github-cloud.s3.amazonaws.com secured-user-images.githubusercontent.com/ *.githubusercontent.com; manifest-src 'self'; media-src github.com user-images.githubusercontent.com/; script-src github.githubassets.com; style-src 'unsafe-inline' github.githubassets.com; worker-src github.com/assets-cdn/worker/ gist.github.com/assets-cdn/worker/","x-github-request-id":"E829:1E94:50B87:2B04BC:61DC1486"}
[debug] [2022-01-10T11:12:07.340Z] >>> [apiv2][query] GET https://api.github.com/user [none]
[debug] [2022-01-10T11:12:09.028Z] <<< [apiv2][status] GET https://api.github.com/user 200
[debug] [2022-01-10T11:12:09.029Z] <<< [apiv2][body] GET https://api.github.com/user {"login":"shyamKumarPariyar","id":19401300,"node_id":"MDQ6VXNlcjE5NDAxMzAw","avatar_url":"https://avatars.githubusercontent.com/u/19401300?v=4","gravatar_id":"","url":"https://api.github.com/users/shyamKumarPariyar","html_url":"https://github.com/shyamKumarPariyar","followers_url":"https://api.github.com/users/shyamKumarPariyar/followers","following_url":"https://api.github.com/users/shyamKumarPariyar/following{/other_user}","gists_url":"https://api.github.com/users/shyamKumarPariyar/gists{/gist_id}","starred_url":"https://api.github.com/users/shyamKumarPariyar/starred{/owner}{/repo}","subscriptions_url":"https://api.github.com/users/shyamKumarPariyar/subscriptions","organizations_url":"https://api.github.com/users/shyamKumarPariyar/orgs","repos_url":"https://api.github.com/users/shyamKumarPariyar/repos","events_url":"https://api.github.com/users/shyamKumarPariyar/events{/privacy}","received_events_url":"https://api.github.com/users/shyamKumarPariyar/received_events","type":"User","site_admin":false,"name":null,"company":null,"blog":"","location":null,"email":null,"hireable":null,"bio":null,"twitter_username":null,"public_repos":7,"public_gists":0,"followers":0,"following":0,"created_at":"2016-05-17T04:33:51Z","updated_at":"2021-08-26T10:05:02Z","private_gists":0,"total_private_repos":0,"owned_private_repos":0,"disk_usage":233361,"collaborators":0,"two_factor_authentication":false,"plan":{"name":"free","space":976562499,"collaborators":0,"private_repos":10000}}
[info] 
[info] ✔  Success! Logged into GitHub as shyamKumarPariyar 
[info] 
[debug] [2022-01-10T11:12:30.115Z] >>> [apiv2][query] GET https://api.github.com/repos//actions/secrets/public-key type=owner
[debug] [2022-01-10T11:12:30.877Z] <<< [apiv2][status] GET https://api.github.com/repos//actions/secrets/public-key 404
[debug] [2022-01-10T11:12:30.878Z] <<< [apiv2][body] GET https://api.github.com/repos//actions/secrets/public-key {"message":"Not Found","documentation_url":"https://docs.github.com/rest"}
[debug] [2022-01-10T11:12:37.650Z] >>> [apiv2][query] GET https://api.github.com/repos//actions/secrets/public-key type=owner
[debug] [2022-01-10T11:12:38.450Z] <<< [apiv2][status] GET https://api.github.com/repos//actions/secrets/public-key 404
[debug] [2022-01-10T11:12:38.450Z] <<< [apiv2][body] GET https://api.github.com/repos//actions/secrets/public-key {"message":"Not Found","documentation_url":"https://docs.github.com/rest"}
[debug] [2022-01-10T11:12:48.882Z] >>> [apiv2][query] GET https://api.github.com/repos/user/repository/actions/secrets/public-key type=owner
[debug] [2022-01-10T11:12:49.582Z] <<< [apiv2][status] GET https://api.github.com/repos/user/repository/actions/secrets/public-key 404
[debug] [2022-01-10T11:12:49.583Z] <<< [apiv2][body] GET https://api.github.com/repos/user/repository/actions/secrets/public-key {"message":"Not Found","documentation_url":"https://docs.github.com/rest/reference/actions#get-a-repository-public-key"}
[debug] [2022-01-10T11:13:02.766Z] >>> [apiv2][query] GET https://api.github.com/repos//actions/secrets/public-key type=owner
[debug] [2022-01-10T11:13:03.360Z] <<< [apiv2][status] GET https://api.github.com/repos//actions/secrets/public-key 404
[debug] [2022-01-10T11:13:03.360Z] <<< [apiv2][body] GET https://api.github.com/repos//actions/secrets/public-key {"message":"Not Found","documentation_url":"https://docs.github.com/rest"}
[debug] [2022-01-10T11:23:45.673Z] >>> [apiv2][query] GET https://api.github.com/repos/shyamKumarPariyar/hubs/actions/secrets/public-key type=owner
[debug] [2022-01-10T11:23:46.570Z] <<< [apiv2][status] GET https://api.github.com/repos/shyamKumarPariyar/hubs/actions/secrets/public-key 200
[debug] [2022-01-10T11:23:46.570Z] <<< [apiv2][body] GET https://api.github.com/repos/shyamKumarPariyar/hubs/actions/secrets/public-key {"key_id":"568250167242549743","key":"xO5h9U2+IRThu8P8upRJAMvFiX/tKBr54t0XjnzKNCI="}
[debug] [2022-01-10T11:23:46.571Z] >>> [apiv2][query] GET https://api.github.com/repos/shyamKumarPariyar/hubs [none]
[debug] [2022-01-10T11:23:47.478Z] <<< [apiv2][status] GET https://api.github.com/repos/shyamKumarPariyar/hubs 200
[debug] [2022-01-10T11:23:47.478Z] <<< [apiv2][body] GET https://api.github.com/repos/shyamKumarPariyar/hubs {"id":348940814,"node_id":"MDEwOlJlcG9zaXRvcnkzNDg5NDA4MTQ=","name":"hubs","full_name":"shyamKumarPariyar/hubs","private":false,"owner":{"login":"shyamKumarPariyar","id":19401300,"node_id":"MDQ6VXNlcjE5NDAxMzAw","avatar_url":"https://avatars.githubusercontent.com/u/19401300?v=4","gravatar_id":"","url":"https://api.github.com/users/shyamKumarPariyar","html_url":"https://github.com/shyamKumarPariyar","followers_url":"https://api.github.com/users/shyamKumarPariyar/followers","following_url":"https://api.github.com/users/shyamKumarPariyar/following{/other_user}","gists_url":"https://api.github.com/users/shyamKumarPariyar/gists{/gist_id}","starred_url":"https://api.github.com/users/shyamKumarPariyar/starred{/owner}{/repo}","subscriptions_url":"https://api.github.com/users/shyamKumarPariyar/subscriptions","organizations_url":"https://api.github.com/users/shyamKumarPariyar/orgs","repos_url":"https://api.github.com/users/shyamKumarPariyar/repos","events_url":"https://api.github.com/users/shyamKumarPariyar/events{/privacy}","received_events_url":"https://api.github.com/users/shyamKumarPariyar/received_events","type":"User","site_admin":false},"html_url":"https://github.com/shyamKumarPariyar/hubs","description":"Duck-themed multi-user virtual spaces in WebVR. Built with A-Frame.","fork":true,"url":"https://api.github.com/repos/shyamKumarPariyar/hubs","forks_url":"https://api.github.com/repos/shyamKumarPariyar/hubs/forks","keys_url":"https://api.github.com/repos/shyamKumarPariyar/hubs/keys{/key_id}","collaborators_url":"https://api.github.com/repos/shyamKumarPariyar/hubs/collaborators{/collaborator}","teams_url":"https://api.github.com/repos/shyamKumarPariyar/hubs/teams","hooks_url":"https://api.github.com/repos/shyamKumarPariyar/hubs/hooks","issue_events_url":"https://api.github.com/repos/shyamKumarPariyar/hubs/issues/events{/number}","events_url":"https://api.github.com/repos/shyamKumarPariyar/hubs/events","assignees_url":"https://api.github.com/repos/shyamKumarPariyar/hubs/assignees{/user}","branches_url":"https://api.github.com/repos/shyamKumarPariyar/hubs/branches{/branch}","tags_url":"https://api.github.com/repos/shyamKumarPariyar/hubs/tags","blobs_url":"https://api.github.com/repos/shyamKumarPariyar/hubs/git/blobs{/sha}","git_tags_url":"https://api.github.com/repos/shyamKumarPariyar/hubs/git/tags{/sha}","git_refs_url":"https://api.github.com/repos/shyamKumarPariyar/hubs/git/refs{/sha}","trees_url":"https://api.github.com/repos/shyamKumarPariyar/hubs/git/trees{/sha}","statuses_url":"https://api.github.com/repos/shyamKumarPariyar/hubs/statuses/{sha}","languages_url":"https://api.github.com/repos/shyamKumarPariyar/hubs/languages","stargazers_url":"https://api.github.com/repos/shyamKumarPariyar/hubs/stargazers","contributors_url":"https://api.github.com/repos/shyamKumarPariyar/hubs/contributors","subscribers_url":"https://api.github.com/repos/shyamKumarPariyar/hubs/subscribers","subscription_url":"https://api.github.com/repos/shyamKumarPariyar/hubs/subscription","commits_url":"https://api.github.com/repos/shyamKumarPariyar/hubs/commits{/sha}","git_commits_url":"https://api.github.com/repos/shyamKumarPariyar/hubs/git/commits{/sha}","comments_url":"https://api.github.com/repos/shyamKumarPariyar/hubs/comments{/number}","issue_comment_url":"https://api.github.com/repos/shyamKumarPariyar/hubs/issues/comments{/number}","contents_url":"https://api.github.com/repos/shyamKumarPariyar/hubs/contents/{+path}","compare_url":"https://api.github.com/repos/shyamKumarPariyar/hubs/compare/{base}...{head}","merges_url":"https://api.github.com/repos/shyamKumarPariyar/hubs/merges","archive_url":"https://api.github.com/repos/shyamKumarPariyar/hubs/{archive_format}{/ref}","downloads_url":"https://api.github.com/repos/shyamKumarPariyar/hubs/downloads","issues_url":"https://api.github.com/repos/shyamKumarPariyar/hubs/issues{/number}","pulls_url":"https://api.github.com/repos/shyamKumarPariyar/hubs/pulls{/number}","milestones_url":"https://api.github.com/repos/shyamKumarPariyar/hubs/milestones{/number}","notifications_url":"https://api.github.com/repos/shyamKumarPariyar/hubs/notifications{?since,all,participating}","labels_url":"https://api.github.com/repos/shyamKumarPariyar/hubs/labels{/name}","releases_url":"https://api.github.com/repos/shyamKumarPariyar/hubs/releases{/id}","deployments_url":"https://api.github.com/repos/shyamKumarPariyar/hubs/deployments","created_at":"2021-03-18T04:29:10Z","updated_at":"2021-03-18T04:29:11Z","pushed_at":"2021-03-16T22:08:08Z","git_url":"git://github.com/shyamKumarPariyar/hubs.git","ssh_url":"git@github.com:shyamKumarPariyar/hubs.git","clone_url":"https://github.com/shyamKumarPariyar/hubs.git","svn_url":"https://github.com/shyamKumarPariyar/hubs","homepage":"https://hubs.mozilla.com","size":169921,"stargazers_count":0,"watchers_count":0,"language":null,"has_issues":false,"has_projects":true,"has_downloads":true,"has_wiki":true,"has_pages":false,"forks_count":0,"mirror_url":null,"archived":false,"disabled":false,"open_issues_count":0,"license":{"key":"mpl-2.0","name":"Mozilla Public License 2.0","spdx_id":"MPL-2.0","url":"https://api.github.com/licenses/mpl-2.0","node_id":"MDc6TGljZW5zZTE0"},"allow_forking":true,"is_template":false,"topics":[],"visibility":"public","forks":0,"open_issues":0,"watchers":0,"default_branch":"master","permissions":{"admin":true,"maintain":true,"push":true,"triage":true,"pull":true},"temp_clone_token":"","allow_squash_merge":true,"allow_merge_commit":true,"allow_rebase_merge":true,"allow_auto_merge":false,"delete_branch_on_merge":false,"allow_update_branch":false,"parent":{"id":104933644,"node_id":"MDEwOlJlcG9zaXRvcnkxMDQ5MzM2NDQ=","name":"hubs","full_name":"mozilla/hubs","private":false,"owner":{"login":"mozilla","id":131524,"node_id":"MDEyOk9yZ2FuaXphdGlvbjEzMTUyNA==","avatar_url":"https://avatars.githubusercontent.com/u/131524?v=4","gravatar_id":"","url":"https://api.github.com/users/mozilla","html_url":"https://github.com/mozilla","followers_url":"https://api.github.com/users/mozilla/followers","following_url":"https://api.github.com/users/mozilla/following{/other_user}","gists_url":"https://api.github.com/users/mozilla/gists{/gist_id}","starred_url":"https://api.github.com/users/mozilla/starred{/owner}{/repo}","subscriptions_url":"https://api.github.com/users/mozilla/subscriptions","organizations_url":"https://api.github.com/users/mozilla/orgs","repos_url":"https://api.github.com/users/mozilla/repos","events_url":"https://api.github.com/users/mozilla/events{/privacy}","received_events_url":"https://api.github.com/users/mozilla/received_events","type":"Organization","site_admin":false},"html_url":"https://github.com/mozilla/hubs","description":"Duck-themed multi-user virtual spaces in WebVR. Built with A-Frame.","fork":false,"url":"https://api.github.com/repos/mozilla/hubs","forks_url":"https://api.github.com/repos/mozilla/hubs/forks","keys_url":"https://api.github.com/repos/mozilla/hubs/keys{/key_id}","collaborators_url":"https://api.github.com/repos/mozilla/hubs/collaborators{/collaborator}","teams_url":"https://api.github.com/repos/mozilla/hubs/teams","hooks_url":"https://api.github.com/repos/mozilla/hubs/hooks","issue_events_url":"https://api.github.com/repos/mozilla/hubs/issues/events{/number}","events_url":"https://api.github.com/repos/mozilla/hubs/events","assignees_url":"https://api.github.com/repos/mozilla/hubs/assignees{/user}","branches_url":"https://api.github.com/repos/mozilla/hubs/branches{/branch}","tags_url":"https://api.github.com/repos/mozilla/hubs/tags","blobs_url":"https://api.github.com/repos/mozilla/hubs/git/blobs{/sha}","git_tags_url":"https://api.github.com/repos/mozilla/hubs/git/tags{/sha}","git_refs_url":"https://api.github.com/repos/mozilla/hubs/git/refs{/sha}","trees_url":"https://api.github.com/repos/mozilla/hubs/git/trees{/sha}","statuses_url":"https://api.github.com/repos/mozilla/hubs/statuses/{sha}","languages_url":"https://api.github.com/repos/mozilla/hubs/languages","stargazers_url":"https://api.github.com/repos/mozilla/hubs/stargazers","contributors_url":"https://api.github.com/repos/mozilla/hubs/contributors","subscribers_url":"https://api.github.com/repos/mozilla/hubs/subscribers","subscription_url":"https://api.github.com/repos/mozilla/hubs/subscription","commits_url":"https://api.github.com/repos/mozilla/hubs/commits{/sha}","git_commits_url":"https://api.github.com/repos/mozilla/hubs/git/commits{/sha}","comments_url":"https://api.github.com/repos/mozilla/hubs/comments{/number}","issue_comment_url":"https://api.github.com/repos/mozilla/hubs/issues/comments{/number}","contents_url":"https://api.github.com/repos/mozilla/hubs/contents/{+path}","compare_url":"https://api.github.com/repos/mozilla/hubs/compare/{base}...{head}","merges_url":"https://api.github.com/repos/mozilla/hubs/merges","archive_url":"https://api.github.com/repos/mozilla/hubs/{archive_format}{/ref}","downloads_url":"https://api.github.com/repos/mozilla/hubs/downloads","issues_url":"https://api.github.com/repos/mozilla/hubs/issues{/number}","pulls_url":"https://api.github.com/repos/mozilla/hubs/pulls{/number}","milestones_url":"https://api.github.com/repos/mozilla/hubs/milestones{/number}","notifications_url":"https://api.github.com/repos/mozilla/hubs/notifications{?since,all,participating}","labels_url":"https://api.github.com/repos/mozilla/hubs/labels{/name}","releases_url":"https://api.github.com/repos/mozilla/hubs/releases{/id}","deployments_url":"https://api.github.com/repos/mozilla/hubs/deployments","created_at":"2017-09-26T20:20:12Z","updated_at":"2022-01-08T14:38:53Z","pushed_at":"2022-01-10T10:52:40Z","git_url":"git://github.com/mozilla/hubs.git","ssh_url":"git@github.com:mozilla/hubs.git","clone_url":"https://github.com/mozilla/hubs.git","svn_url":"https://github.com/mozilla/hubs","homepage":"https://hubs.mozilla.com","size":190811,"stargazers_count":1436,"watchers_count":1436,"language":"JavaScript","has_issues":true,"has_projects":true,"has_downloads":true,"has_wiki":true,"has_pages":true,"forks_count":745,"mirror_url":null,"archived":false,"disabled":false,"open_issues_count":983,"license":{"key":"mpl-2.0","name":"Mozilla Public License 2.0","spdx_id":"MPL-2.0","url":"https://api.github.com/licenses/mpl-2.0","node_id":"MDc6TGljZW5zZTE0"},"allow_forking":true,"is_template":false,"topics":["aframe","webrtc","webvr"],"visibility":"public","forks":745,"open_issues":983,"watchers":1436,"default_branch":"master"},"source":{"id":104933644,"node_id":"MDEwOlJlcG9zaXRvcnkxMDQ5MzM2NDQ=","name":"hubs","full_name":"mozilla/hubs","private":false,"owner":{"login":"mozilla","id":131524,"node_id":"MDEyOk9yZ2FuaXphdGlvbjEzMTUyNA==","avatar_url":"https://avatars.githubusercontent.com/u/131524?v=4","gravatar_id":"","url":"https://api.github.com/users/mozilla","html_url":"https://github.com/mozilla","followers_url":"https://api.github.com/users/mozilla/followers","following_url":"https://api.github.com/users/mozilla/following{/other_user}","gists_url":"https://api.github.com/users/mozilla/gists{/gist_id}","starred_url":"https://api.github.com/users/mozilla/starred{/owner}{/repo}","subscriptions_url":"https://api.github.com/users/mozilla/subscriptions","organizations_url":"https://api.github.com/users/mozilla/orgs","repos_url":"https://api.github.com/users/mozilla/repos","events_url":"https://api.github.com/users/mozilla/events{/privacy}","received_events_url":"https://api.github.com/users/mozilla/received_events","type":"Organization","site_admin":false},"html_url":"https://github.com/mozilla/hubs","description":"Duck-themed multi-user virtual spaces in WebVR. Built with A-Frame.","fork":false,"url":"https://api.github.com/repos/mozilla/hubs","forks_url":"https://api.github.com/repos/mozilla/hubs/forks","keys_url":"https://api.github.com/repos/mozilla/hubs/keys{/key_id}","collaborators_url":"https://api.github.com/repos/mozilla/hubs/collaborators{/collaborator}","teams_url":"https://api.github.com/repos/mozilla/hubs/teams","hooks_url":"https://api.github.com/repos/mozilla/hubs/hooks","issue_events_url":"https://api.github.com/repos/mozilla/hubs/issues/events{/number}","events_url":"https://api.github.com/repos/mozilla/hubs/events","assignees_url":"https://api.github.com/repos/mozilla/hubs/assignees{/user}","branches_url":"https://api.github.com/repos/mozilla/hubs/branches{/branch}","tags_url":"https://api.github.com/repos/mozilla/hubs/tags","blobs_url":"https://api.github.com/repos/mozilla/hubs/git/blobs{/sha}","git_tags_url":"https://api.github.com/repos/mozilla/hubs/git/tags{/sha}","git_refs_url":"https://api.github.com/repos/mozilla/hubs/git/refs{/sha}","trees_url":"https://api.github.com/repos/mozilla/hubs/git/trees{/sha}","statuses_url":"https://api.github.com/repos/mozilla/hubs/statuses/{sha}","languages_url":"https://api.github.com/repos/mozilla/hubs/languages","stargazers_url":"https://api.github.com/repos/mozilla/hubs/stargazers","contributors_url":"https://api.github.com/repos/mozilla/hubs/contributors","subscribers_url":"https://api.github.com/repos/mozilla/hubs/subscribers","subscription_url":"https://api.github.com/repos/mozilla/hubs/subscription","commits_url":"https://api.github.com/repos/mozilla/hubs/commits{/sha}","git_commits_url":"https://api.github.com/repos/mozilla/hubs/git/commits{/sha}","comments_url":"https://api.github.com/repos/mozilla/hubs/comments{/number}","issue_comment_url":"https://api.github.com/repos/mozilla/hubs/issues/comments{/number}","contents_url":"https://api.github.com/repos/mozilla/hubs/contents/{+path}","compare_url":"https://api.github.com/repos/mozilla/hubs/compare/{base}...{head}","merges_url":"https://api.github.com/repos/mozilla/hubs/merges","archive_url":"https://api.github.com/repos/mozilla/hubs/{archive_format}{/ref}","downloads_url":"https://api.github.com/repos/mozilla/hubs/downloads","issues_url":"https://api.github.com/repos/mozilla/hubs/issues{/number}","pulls_url":"https://api.github.com/repos/mozilla/hubs/pulls{/number}","milestones_url":"https://api.github.com/repos/mozilla/hubs/milestones{/number}","notifications_url":"https://api.github.com/repos/mozilla/hubs/notifications{?since,all,participating}","labels_url":"https://api.github.com/repos/mozilla/hubs/labels{/name}","releases_url":"https://api.github.com/repos/mozilla/hubs/releases{/id}","deployments_url":"https://api.github.com/repos/mozilla/hubs/deployments","created_at":"2017-09-26T20:20:12Z","updated_at":"2022-01-08T14:38:53Z","pushed_at":"2022-01-10T10:52:40Z","git_url":"git://github.com/mozilla/hubs.git","ssh_url":"git@github.com:mozilla/hubs.git","clone_url":"https://github.com/mozilla/hubs.git","svn_url":"https://github.com/mozilla/hubs","homepage":"https://hubs.mozilla.com","size":190811,"stargazers_count":1436,"watchers_count":1436,"language":"JavaScript","has_issues":true,"has_projects":true,"has_downloads":true,"has_wiki":true,"has_pages":true,"forks_count":745,"mirror_url":null,"archived":false,"disabled":false,"open_issues_count":983,"license":{"key":"mpl-2.0","name":"Mozilla Public License 2.0","spdx_id":"MPL-2.0","url":"https://api.github.com/licenses/mpl-2.0","node_id":"MDc6TGljZW5zZTE0"},"allow_forking":true,"is_template":false,"topics":["aframe","webrtc","webvr"],"visibility":"public","forks":745,"open_issues":983,"watchers":1436,"default_branch":"master"},"network_count":745,"subscribers_count":0}
[debug] [2022-01-10T11:23:47.481Z] > refreshing access token with scopes: ["email","https://www.googleapis.com/auth/cloud-platform","https://www.googleapis.com/auth/cloudplatformprojects.readonly","https://www.googleapis.com/auth/firebase","openid"]
[debug] [2022-01-10T11:23:47.481Z] >>> HTTP REQUEST POST https://www.googleapis.com/oauth2/v3/token  
 <request body omitted>
[debug] [2022-01-10T11:23:47.902Z] <<< HTTP RESPONSE 200 {"expires":"Mon, 01 Jan 1990 00:00:00 GMT","date":"Mon, 10 Jan 2022 11:23:47 GMT","pragma":"no-cache","cache-control":"no-cache, no-store, max-age=0, must-revalidate","content-type":"application/json; charset=utf-8","vary":"X-Origin, Referer, Origin,Accept-Encoding","server":"scaffolding on HTTPServer2","x-xss-protection":"0","x-frame-options":"SAMEORIGIN","x-content-type-options":"nosniff","alt-svc":"h3=\":443\"; ma=2592000,h3-29=\":443\"; ma=2592000,h3-Q050=\":443\"; ma=2592000,h3-Q046=\":443\"; ma=2592000,h3-Q043=\":443\"; ma=2592000,quic=\":443\"; ma=2592000; v=\"46,43\"","accept-ranges":"none","transfer-encoding":"chunked"}
[debug] [2022-01-10T11:23:47.909Z] >>> HTTP REQUEST POST https://iam.googleapis.com/v1/projects/vr-2020/serviceAccounts  
 {"accountId":"github-action-348940814","serviceAccount":{"displayName":"GitHub Actions (shyamKumarPariyar/hubs)","description":"A service account with permission to deploy to Firebase Hosting for the GitHub repository shyamKumarPariyar/hubs"}}
[debug] [2022-01-10T11:23:49.100Z] <<< HTTP RESPONSE 200 {"content-type":"application/json; charset=UTF-8","vary":"X-Origin, Referer, Origin,Accept-Encoding","date":"Mon, 10 Jan 2022 11:23:49 GMT","server":"ESF","cache-control":"private","x-xss-protection":"0","x-frame-options":"SAMEORIGIN","x-content-type-options":"nosniff","alt-svc":"h3=\":443\"; ma=2592000,h3-29=\":443\"; ma=2592000,h3-Q050=\":443\"; ma=2592000,h3-Q046=\":443\"; ma=2592000,h3-Q043=\":443\"; ma=2592000,quic=\":443\"; ma=2592000; v=\"46,43\"","accept-ranges":"none","transfer-encoding":"chunked"}
[debug] [2022-01-10T11:23:49.101Z] >>> HTTP REQUEST GET https://iam.googleapis.com/v1/projects/vr-2020/serviceAccounts/github-action-348940814@vr-2020.iam.gserviceaccount.com  
 
[debug] [2022-01-10T11:23:49.101Z] >>> HTTP REQUEST POST https://cloudresourcemanager.googleapis.com/v1/projects/vr-2020:getIamPolicy  
 
[debug] [2022-01-10T11:23:50.870Z] <<< HTTP RESPONSE 200 {"content-type":"application/json; charset=UTF-8","vary":"X-Origin, Referer, Origin,Accept-Encoding","date":"Mon, 10 Jan 2022 11:23:50 GMT","server":"ESF","cache-control":"private","x-xss-protection":"0","x-frame-options":"SAMEORIGIN","x-content-type-options":"nosniff","alt-svc":"h3=\":443\"; ma=2592000,h3-29=\":443\"; ma=2592000,h3-Q050=\":443\"; ma=2592000,h3-Q046=\":443\"; ma=2592000,h3-Q043=\":443\"; ma=2592000,quic=\":443\"; ma=2592000; v=\"46,43\"","accept-ranges":"none","transfer-encoding":"chunked"}
[debug] [2022-01-10T11:23:51.280Z] <<< HTTP RESPONSE 200 {"content-type":"application/json; charset=UTF-8","vary":"X-Origin, Referer, Origin,Accept-Encoding","date":"Mon, 10 Jan 2022 11:23:51 GMT","server":"ESF","cache-control":"private","x-xss-protection":"0","x-frame-options":"SAMEORIGIN","x-content-type-options":"nosniff","server-timing":"gfet4t7; dur=1643","alt-svc":"h3=\":443\"; ma=2592000,h3-29=\":443\"; ma=2592000,h3-Q050=\":443\"; ma=2592000,h3-Q046=\":443\"; ma=2592000,h3-Q043=\":443\"; ma=2592000,quic=\":443\"; ma=2592000; v=\"46,43\"","accept-ranges":"none","transfer-encoding":"chunked"}
[debug] [2022-01-10T11:23:51.281Z] >>> HTTP REQUEST POST https://cloudresourcemanager.googleapis.com/v1/projects/vr-2020:setIamPolicy  
 {"policy":{"version":1,"etag":"BwXVOF6t8P4=","bindings":[{"role":"roles/firebase.managementServiceAgent","members":["serviceAccount:firebase-service-account@firebase-sa-management.iam.gserviceaccount.com"]},{"role":"roles/firebase.sdkAdminServiceAgent","members":["serviceAccount:firebase-adminsdk-ywu43@vr-2020.iam.gserviceaccount.com"]},{"role":"roles/firebaserules.system","members":["serviceAccount:service-164899531506@firebase-rules.iam.gserviceaccount.com"]},{"role":"roles/iam.serviceAccountTokenCreator","members":["serviceAccount:firebase-adminsdk-ywu43@vr-2020.iam.gserviceaccount.com"]},{"role":"roles/owner","members":["user:shyam@paracosma.com"]},{"role":"roles/firebaseauth.admin","members":["serviceAccount:github-action-348940814@vr-2020.iam.gserviceaccount.com"]},{"role":"roles/serviceusage.apiKeysViewer","members":["serviceAccount:github-action-348940814@vr-2020.iam.gserviceaccount.com"]},{"role":"roles/firebasehosting.admin","members":["serviceAccount:github-action-348940814@vr-2020.iam.gserviceaccount.com"]},{"role":"roles/run.viewer","members":["serviceAccount:github-action-348940814@vr-2020.iam.gserviceaccount.com"]}]},"updateMask":"bindings"}
[debug] [2022-01-10T11:23:53.449Z] <<< HTTP RESPONSE 200 {"content-type":"application/json; charset=UTF-8","vary":"X-Origin, Referer, Origin,Accept-Encoding","date":"Mon, 10 Jan 2022 11:23:53 GMT","server":"ESF","cache-control":"private","x-xss-protection":"0","x-frame-options":"SAMEORIGIN","x-content-type-options":"nosniff","server-timing":"gfet4t7; dur=1942","alt-svc":"h3=\":443\"; ma=2592000,h3-29=\":443\"; ma=2592000,h3-Q050=\":443\"; ma=2592000,h3-Q046=\":443\"; ma=2592000,h3-Q043=\":443\"; ma=2592000,quic=\":443\"; ma=2592000; v=\"46,43\"","accept-ranges":"none","transfer-encoding":"chunked"}
[debug] [2022-01-10T11:23:53.450Z] >>> HTTP REQUEST POST https://iam.googleapis.com/v1/projects/vr-2020/serviceAccounts/github-action-348940814@vr-2020.iam.gserviceaccount.com/keys  
 {"keyAlgorithm":"KEY_ALG_UNSPECIFIED","privateKeyType":"TYPE_GOOGLE_CREDENTIALS_FILE"}
